<?xml version="1.0" encoding="UTF-8"?>
<!-- Generated by org.testng.reporters.JUnitReportReporter -->
<testsuite skipped="0" hostname="GROUPBRIGHT" name="testrunner.Runner" tests="5" failures="0" timestamp="03 二月 2021 03:16:01 GMT" time="152.476" errors="0">
  <testcase name="runScenario" time="45.891" classname="testrunner.Runner"/>
  <testcase name="runScenario" time="22.317" classname="testrunner.Runner"/>
  <testcase name="runScenario" time="31.862" classname="testrunner.Runner"/>
  <testcase name="runScenario" time="28.200" classname="testrunner.Runner"/>
  <testcase name="runScenario" time="24.206" classname="testrunner.Runner"/>
</testsuite> <!-- testrunner.Runner -->
